<?xml version="1.0" encoding="UTF-8"?>
<testsuite xmlns:xsi="http://www.w3.org/2001/XMLSchema-instance" xsi:noNamespaceSchemaLocation="https://maven.apache.org/surefire/maven-surefire-plugin/xsd/surefire-test-report-3.0.xsd" version="3.0" name="com.example.tests.ContratoTests" time="3.492" tests="4" errors="0" skipped="0" failures="0">
  <properties>
[...]
</properties>
  <testcase name="deveGerarFaturasAutomaticamente" classname="com.example.tests.ContratoTests" time="2.736">
    <system-err><![CDATA[SLF4J: Failed to load class "org.slf4j.impl.StaticLoggerBinder".
SLF4J: Defaulting to no-operation (NOP) logger implementation
SLF4J: See http://www.slf4j.org/codes.html#StaticLoggerBinder for further details.
]]></system-err>
  </testcase>
  <testcase name="deveProcessarPagamento" classname="com.example.tests.ContratoTests" time="0.103"/>
  <testcase name="deveCriarContratoValido" classname="com.example.tests.ContratoTests" time="0.041"/>
  <testcase name="deveAplicarMultaEJuros" classname="com.example.tests.ContratoTests" time="0.053"/>
</testsuite>